[debug] [2022-08-08T07:26:23.377Z] ----------------------------------------------------------------------
[debug] [2022-08-08T07:26:23.382Z] Command:       C:\Program Files\nodejs\node.exe C:\Users\CodeLab\AppData\Roaming\npm\node_modules\firebase-tools\lib\bin\firebase.js init
[debug] [2022-08-08T07:26:23.383Z] CLI Version:   11.4.2
[debug] [2022-08-08T07:26:23.383Z] Platform:      win32
[debug] [2022-08-08T07:26:23.384Z] Node Version:  v16.13.0
[debug] [2022-08-08T07:26:23.391Z] Time:          Mon Aug 08 2022 08:26:23 GMT+0100 (West Africa Standard Time)
[debug] [2022-08-08T07:26:23.392Z] ----------------------------------------------------------------------
[debug] 
[debug] [2022-08-08T07:26:23.400Z] >>> [apiv2][query] GET https://firebase-public.firebaseio.com/cli.json [none]
[debug] [2022-08-08T07:26:23.687Z] > command requires scopes: ["email","openid","https://www.googleapis.com/auth/cloudplatformprojects.readonly","https://www.googleapis.com/auth/firebase","https://www.googleapis.com/auth/cloud-platform"]
[debug] [2022-08-08T07:26:23.688Z] > authorizing via signed-in user (codelabproject2@gmail.com)
[info] 
     ######## #### ########  ######## ########     ###     ######  ########
     ##        ##  ##     ## ##       ##     ##  ##   ##  ##       ##
     ######    ##  ########  ######   ########  #########  ######  ######
     ##        ##  ##    ##  ##       ##     ## ##     ##       ## ##
     ##       #### ##     ## ######## ########  ##     ##  ######  ########

You're about to initialize a Firebase project in this directory:

  C:\Users\CodeLab\Documents\Project\buildingIt

Before we get started, keep in mind:

  * You are initializing within an existing Firebase project directory

